c:\users\a.roennburg\documents\github\gh_codes\rechnungenviewer\rechnungenviewer\x64\release\vc140.pdb
c:\users\a.roennburg\documents\github\gh_codes\rechnungenviewer\rechnungenviewer\x64\release\rgfolderexplorer.obj
c:\users\a.roennburg\documents\github\gh_codes\rechnungenviewer\rechnungenviewer\x64\release\mainform.obj
c:\users\a.roennburg\documents\github\gh_codes\rechnungenviewer\rechnungenviewer\x64\release\main.obj
c:\users\a.roennburg\documents\github\gh_codes\rechnungenviewer\rechnungenviewer\x64\release\.netframework,version=v4.5.2.assemblyattributes.obj
c:\users\a.roennburg\documents\github\gh_codes\rechnungenviewer\rechnungenviewer\x64\release\.netframework,version=v4.5.2.assemblyattributes.asm
c:\users\a.roennburg\documents\github\gh_codes\rechnungenviewer\x64\release\rechnungenviewer.exe
c:\users\a.roennburg\documents\github\gh_codes\rechnungenviewer\x64\release\rechnungenviewer.pdb
c:\users\a.roennburg\documents\github\gh_codes\rechnungenviewer\rechnungenviewer\x64\release\rechnungenviewer.mainform.resources
c:\users\a.roennburg\documents\github\gh_codes\rechnungenviewer\rechnungenviewer\x64\release\rechnungenviewer.vcxproj.generateresource.cache
c:\users\a.roennburg\documents\github\gh_codes\rechnungenviewer\rechnungenviewer\x64\release\rechnungenviewer.vcxprojresolveassemblyreference.cache
c:\users\a.roennburg\documents\github\gh_codes\rechnungenviewer\rechnungenviewer\x64\release\rechnungenviewer.tlog\cl.command.1.tlog
c:\users\a.roennburg\documents\github\gh_codes\rechnungenviewer\rechnungenviewer\x64\release\rechnungenviewer.tlog\cl.read.1.tlog
c:\users\a.roennburg\documents\github\gh_codes\rechnungenviewer\rechnungenviewer\x64\release\rechnungenviewer.tlog\cl.write.1.tlog
c:\users\a.roennburg\documents\github\gh_codes\rechnungenviewer\rechnungenviewer\x64\release\rechnungenviewer.tlog\link.command.1.tlog
c:\users\a.roennburg\documents\github\gh_codes\rechnungenviewer\rechnungenviewer\x64\release\rechnungenviewer.tlog\link.read.1.tlog
c:\users\a.roennburg\documents\github\gh_codes\rechnungenviewer\rechnungenviewer\x64\release\rechnungenviewer.tlog\link.write.1.tlog
c:\users\a.roennburg\documents\github\gh_codes\rechnungenviewer\rechnungenviewer\x64\release\rechnungenviewer.tlog\metagen.read.1.tlog
c:\users\a.roennburg\documents\github\gh_codes\rechnungenviewer\rechnungenviewer\x64\release\rechnungenviewer.tlog\metagen.write.1.tlog
c:\users\a.roennburg\documents\github\gh_codes\rechnungenviewer\rechnungenviewer\x64\release\rechnungenviewer.tlog\rechnungenviewer.write.1u.tlog
c:\users\a.roennburg\documents\github\gh_codes\rechnungenviewer\rechnungenviewer\x64\release\rechnungenviewer.tlog\rsaenh.dll.bi
c:\users\a.roennburg\documents\github\gh_codes\rechnungenviewer\rechnungenviewer\x64\release\rechnungenviewer.tlog\tzres.dll.bi
